<?xml version="1.0" encoding="UTF-8"?>
<testsuite name="daniel register in Utest" tests="1" skipped="0" failures="0" errors="0" timestamp="2021-03-11T14:34:10" hostname="CHBOGML-145061" time="53.188">
  <properties/>
  <testcase name="Register in the utest platform" classname="daniel register in Utest" time="53.188"/>
  <system-out><![CDATA[]]></system-out>
  <system-err><![CDATA[[Test worker] WARN net.thucydides.core.steps.BaseStepListener - stepStarted: net.thucydides.core.steps.ExecutedStepDescription@59085b96
[Test worker] WARN net.thucydides.core.steps.BaseStepListener - stepStarted: net.thucydides.core.steps.ExecutedStepDescription@6c543415
[Test worker] WARN net.thucydides.core.steps.BaseStepListener - stepStarted: net.thucydides.core.steps.ExecutedStepDescription@12e3068e
mar 11, 2021 9:34:10 AM org.openqa.selenium.remote.DesiredCapabilities chrome
INFORMACIÓN: Using `new ChromeOptions()` is preferred to `DesiredCapabilities.chrome()`
[Test worker] INFO net.serenitybdd.core.webdriver.driverproviders.ProvideNewDriver - Instantiating driver
[Test worker] INFO net.serenitybdd.core.webdriver.driverproviders.ProvideNewDriver - Driver capabilities: Capabilities {acceptInsecureCerts: false, browserName: chrome, chrome.switches: --start-maximized, goog:chromeOptions: {args: [--start-maximized], extensions: []}, loggingPrefs: org.openqa.selenium.logging..., platform: ANY, version: }
Starting ChromeDriver 88.0.4324.96 (68dba2d8a0b149a1d3afac56fa74648032bcf46b-refs/branch-heads/4324@{#1784}) on port 2556
Only local connections are allowed.
Please see https://chromedriver.chromium.org/security-considerations for suggestions on keeping ChromeDriver safe.
ChromeDriver was started successfully.
mar 11, 2021 9:34:14 AM org.openqa.selenium.remote.ProtocolHandshake createSession
INFORMACIÓN: Detected dialect: W3C
[Test worker] WARN net.thucydides.core.steps.BaseStepListener - stepFinished: current outcome:Register in the utest platform:Given than Daniel want register utest platform [Daniel open up utest [Daniel opens the Utest page]]
[Test worker] WARN net.thucydides.core.steps.BaseStepListener - stepStarted: net.thucydides.core.steps.ExecutedStepDescription@356182a2
[Test worker] WARN net.thucydides.core.steps.BaseStepListener - stepFinished: current outcome:Register in the utest platform:Given than Daniel want register utest platform [Daniel open up utest [Daniel opens the Utest page, Daniel clicks on button that start the register]]
[Test worker] WARN net.thucydides.core.steps.BaseStepListener - stepFinished: current outcome:Register in the utest platform:Given than Daniel want register utest platform [Daniel open up utest [Daniel opens the Utest page, Daniel clicks on button that start the register]]
[Test worker] WARN net.thucydides.core.steps.BaseStepListener - stepFinished: current outcome:Register in the utest platform:Given than Daniel want register utest platform [Daniel open up utest [Daniel opens the Utest page, Daniel clicks on button that start the register]]
[Test worker] WARN net.thucydides.core.steps.BaseStepListener - stepStarted: net.thucydides.core.steps.ExecutedStepDescription@5aca442a
[Test worker] WARN net.thucydides.core.steps.BaseStepListener - stepStarted: net.thucydides.core.steps.ExecutedStepDescription@5d4dedd6
[Test worker] WARN net.thucydides.core.steps.BaseStepListener - stepStarted: net.thucydides.core.steps.ExecutedStepDescription@65e417d9
[Test worker] WARN net.thucydides.core.steps.BaseStepListener - stepFinished: current outcome:Register in the utest platform:Given than Daniel want register utest platform [Daniel open up utest [Daniel opens the Utest page, Daniel clicks on button that start the register]], When he fill out the forms
| strName | strLastName | strEmail | strPassword | strMes | strAnio | strDia | strCiudad | strPais | strCode | strVersion | strComputer | strLenguage | strMovil | strModel | strOs |
| Daniel | Garcia | danielgarcia10211222@gmail.com | TGGADll96$ | October | 1996 | 20 | Bogotá | Colombia | 111151 | 10 | Windows | Italian | Huawei | Y8p | Android 10 | [Daniel fill personal information [Daniel enters 'Daniel' into first name of user]]
[Test worker] WARN net.thucydides.core.steps.BaseStepListener - stepStarted: net.thucydides.core.steps.ExecutedStepDescription@7f952d4d
[Test worker] WARN net.thucydides.core.steps.BaseStepListener - stepFinished: current outcome:Register in the utest platform:Given than Daniel want register utest platform [Daniel open up utest [Daniel opens the Utest page, Daniel clicks on button that start the register]], When he fill out the forms
| strName | strLastName | strEmail | strPassword | strMes | strAnio | strDia | strCiudad | strPais | strCode | strVersion | strComputer | strLenguage | strMovil | strModel | strOs |
| Daniel | Garcia | danielgarcia10211222@gmail.com | TGGADll96$ | October | 1996 | 20 | Bogotá | Colombia | 111151 | 10 | Windows | Italian | Huawei | Y8p | Android 10 | [Daniel fill personal information [Daniel enters 'Daniel' into first name of user, Daniel enters 'Garcia' into last name of user]]
[Test worker] WARN net.thucydides.core.steps.BaseStepListener - stepStarted: net.thucydides.core.steps.ExecutedStepDescription@5137a26e
[Test worker] WARN net.thucydides.core.steps.BaseStepListener - stepFinished: current outcome:Register in the utest platform:Given than Daniel want register utest platform [Daniel open up utest [Daniel opens the Utest page, Daniel clicks on button that start the register]], When he fill out the forms
| strName | strLastName | strEmail | strPassword | strMes | strAnio | strDia | strCiudad | strPais | strCode | strVersion | strComputer | strLenguage | strMovil | strModel | strOs |
| Daniel | Garcia | danielgarcia10211222@gmail.com | TGGADll96$ | October | 1996 | 20 | Bogotá | Colombia | 111151 | 10 | Windows | Italian | Huawei | Y8p | Android 10 | [Daniel fill personal information [Daniel enters 'Daniel' into first name of user, Daniel enters 'Garcia' into last name of user, Daniel enters 'danielgarcia10211222@gmail.com' into email  of user]]
[Test worker] WARN net.thucydides.core.steps.BaseStepListener - stepStarted: net.thucydides.core.steps.ExecutedStepDescription@1ceeccab
[Test worker] WARN net.thucydides.core.steps.BaseStepListener - stepFinished: current outcome:Register in the utest platform:Given than Daniel want register utest platform [Daniel open up utest [Daniel opens the Utest page, Daniel clicks on button that start the register]], When he fill out the forms
| strName | strLastName | strEmail | strPassword | strMes | strAnio | strDia | strCiudad | strPais | strCode | strVersion | strComputer | strLenguage | strMovil | strModel | strOs |
| Daniel | Garcia | danielgarcia10211222@gmail.com | TGGADll96$ | October | 1996 | 20 | Bogotá | Colombia | 111151 | 10 | Windows | Italian | Huawei | Y8p | Android 10 | [Daniel fill personal information [Daniel enters 'Daniel' into first name of user, Daniel enters 'Garcia' into last name of user, Daniel enters 'danielgarcia10211222@gmail.com' into email  of user, Daniel select October on day of birth]]
[Test worker] WARN net.thucydides.core.steps.BaseStepListener - stepStarted: net.thucydides.core.steps.ExecutedStepDescription@45f5b977
[Test worker] WARN net.thucydides.core.steps.BaseStepListener - stepFinished: current outcome:Register in the utest platform:Given than Daniel want register utest platform [Daniel open up utest [Daniel opens the Utest page, Daniel clicks on button that start the register]], When he fill out the forms
| strName | strLastName | strEmail | strPassword | strMes | strAnio | strDia | strCiudad | strPais | strCode | strVersion | strComputer | strLenguage | strMovil | strModel | strOs |
| Daniel | Garcia | danielgarcia10211222@gmail.com | TGGADll96$ | October | 1996 | 20 | Bogotá | Colombia | 111151 | 10 | Windows | Italian | Huawei | Y8p | Android 10 | [Daniel fill personal information [Daniel enters 'Daniel' into first name of user, Daniel enters 'Garcia' into last name of user, Daniel enters 'danielgarcia10211222@gmail.com' into email  of user, Daniel select October on day of birth, Daniel select 20 on day of birth]]
[Test worker] WARN net.thucydides.core.steps.BaseStepListener - stepStarted: net.thucydides.core.steps.ExecutedStepDescription@1786ed5f
[Test worker] WARN net.thucydides.core.steps.BaseStepListener - stepFinished: current outcome:Register in the utest platform:Given than Daniel want register utest platform [Daniel open up utest [Daniel opens the Utest page, Daniel clicks on button that start the register]], When he fill out the forms
| strName | strLastName | strEmail | strPassword | strMes | strAnio | strDia | strCiudad | strPais | strCode | strVersion | strComputer | strLenguage | strMovil | strModel | strOs |
| Daniel | Garcia | danielgarcia10211222@gmail.com | TGGADll96$ | October | 1996 | 20 | Bogotá | Colombia | 111151 | 10 | Windows | Italian | Huawei | Y8p | Android 10 | [Daniel fill personal information [Daniel enters 'Daniel' into first name of user, Daniel enters 'Garcia' into last name of user, Daniel enters 'danielgarcia10211222@gmail.com' into email  of user, Daniel select October on day of birth, Daniel select 20 on day of birth, Daniel select 1996 on year of birth]]
[Test worker] WARN net.thucydides.core.steps.BaseStepListener - stepStarted: net.thucydides.core.steps.ExecutedStepDescription@518f1609
[Test worker] WARN net.thucydides.core.steps.BaseStepListener - stepFinished: current outcome:Register in the utest platform:Given than Daniel want register utest platform [Daniel open up utest [Daniel opens the Utest page, Daniel clicks on button that start the register]], When he fill out the forms
| strName | strLastName | strEmail | strPassword | strMes | strAnio | strDia | strCiudad | strPais | strCode | strVersion | strComputer | strLenguage | strMovil | strModel | strOs |
| Daniel | Garcia | danielgarcia10211222@gmail.com | TGGADll96$ | October | 1996 | 20 | Bogotá | Colombia | 111151 | 10 | Windows | Italian | Huawei | Y8p | Android 10 | [Daniel fill personal information [Daniel enters 'Daniel' into first name of user, Daniel enters 'Garcia' into last name of user, Daniel enters 'danielgarcia10211222@gmail.com' into email  of user, Daniel select October on day of birth, Daniel select 20 on day of birth, Daniel select 1996 on year of birth, Daniel clicks on button that start the register]]
[Test worker] WARN net.thucydides.core.steps.BaseStepListener - stepFinished: current outcome:Register in the utest platform:Given than Daniel want register utest platform [Daniel open up utest [Daniel opens the Utest page, Daniel clicks on button that start the register]], When he fill out the forms
| strName | strLastName | strEmail | strPassword | strMes | strAnio | strDia | strCiudad | strPais | strCode | strVersion | strComputer | strLenguage | strMovil | strModel | strOs |
| Daniel | Garcia | danielgarcia10211222@gmail.com | TGGADll96$ | October | 1996 | 20 | Bogotá | Colombia | 111151 | 10 | Windows | Italian | Huawei | Y8p | Android 10 | [Daniel fill personal information [Daniel enters 'Daniel' into first name of user, Daniel enters 'Garcia' into last name of user, Daniel enters 'danielgarcia10211222@gmail.com' into email  of user, Daniel select October on day of birth, Daniel select 20 on day of birth, Daniel select 1996 on year of birth, Daniel clicks on button that start the register]]
[Test worker] WARN net.thucydides.core.steps.BaseStepListener - stepStarted: net.thucydides.core.steps.ExecutedStepDescription@330975b3
[Test worker] WARN net.thucydides.core.steps.BaseStepListener - stepStarted: net.thucydides.core.steps.ExecutedStepDescription@57d9996c
[Test worker] WARN net.thucydides.core.steps.BaseStepListener - stepFinished: current outcome:Register in the utest platform:Given than Daniel want register utest platform [Daniel open up utest [Daniel opens the Utest page, Daniel clicks on button that start the register]], When he fill out the forms
| strName | strLastName | strEmail | strPassword | strMes | strAnio | strDia | strCiudad | strPais | strCode | strVersion | strComputer | strLenguage | strMovil | strModel | strOs |
| Daniel | Garcia | danielgarcia10211222@gmail.com | TGGADll96$ | October | 1996 | 20 | Bogotá | Colombia | 111151 | 10 | Windows | Italian | Huawei | Y8p | Android 10 | [Daniel fill personal information [Daniel enters 'Daniel' into first name of user, Daniel enters 'Garcia' into last name of user, Daniel enters 'danielgarcia10211222@gmail.com' into email  of user, Daniel select October on day of birth, Daniel select 20 on day of birth, Daniel select 1996 on year of birth, Daniel clicks on button that start the register], Daniel fill adress [Daniel enters 'Bogotá' into location city]]
[Test worker] WARN net.thucydides.core.steps.BaseStepListener - stepStarted: net.thucydides.core.steps.ExecutedStepDescription@5b5a2a2c
[Test worker] WARN net.thucydides.core.steps.BaseStepListener - stepFinished: current outcome:Register in the utest platform:Given than Daniel want register utest platform [Daniel open up utest [Daniel opens the Utest page, Daniel clicks on button that start the register]], When he fill out the forms
| strName | strLastName | strEmail | strPassword | strMes | strAnio | strDia | strCiudad | strPais | strCode | strVersion | strComputer | strLenguage | strMovil | strModel | strOs |
| Daniel | Garcia | danielgarcia10211222@gmail.com | TGGADll96$ | October | 1996 | 20 | Bogotá | Colombia | 111151 | 10 | Windows | Italian | Huawei | Y8p | Android 10 | [Daniel fill personal information [Daniel enters 'Daniel' into first name of user, Daniel enters 'Garcia' into last name of user, Daniel enters 'danielgarcia10211222@gmail.com' into email  of user, Daniel select October on day of birth, Daniel select 20 on day of birth, Daniel select 1996 on year of birth, Daniel clicks on button that start the register], Daniel fill adress [Daniel enters 'Bogotá' into location city, Daniel enters '111151' into location zip]]
[Test worker] WARN net.thucydides.core.steps.BaseStepListener - stepStarted: net.thucydides.core.steps.ExecutedStepDescription@3e90929
[Test worker] WARN net.thucydides.core.steps.BaseStepListener - stepFinished: current outcome:Register in the utest platform:Given than Daniel want register utest platform [Daniel open up utest [Daniel opens the Utest page, Daniel clicks on button that start the register]], When he fill out the forms
| strName | strLastName | strEmail | strPassword | strMes | strAnio | strDia | strCiudad | strPais | strCode | strVersion | strComputer | strLenguage | strMovil | strModel | strOs |
| Daniel | Garcia | danielgarcia10211222@gmail.com | TGGADll96$ | October | 1996 | 20 | Bogotá | Colombia | 111151 | 10 | Windows | Italian | Huawei | Y8p | Android 10 | [Daniel fill personal information [Daniel enters 'Daniel' into first name of user, Daniel enters 'Garcia' into last name of user, Daniel enters 'danielgarcia10211222@gmail.com' into email  of user, Daniel select October on day of birth, Daniel select 20 on day of birth, Daniel select 1996 on year of birth, Daniel clicks on button that start the register], Daniel fill adress [Daniel enters 'Bogotá' into location city, Daniel enters '111151' into location zip, Daniel clicks on DIV PAIS]]
[Test worker] WARN net.thucydides.core.steps.BaseStepListener - stepStarted: net.thucydides.core.steps.ExecutedStepDescription@5c54a2a9
[Test worker] WARN net.thucydides.core.steps.BaseStepListener - stepFinished: current outcome:Register in the utest platform:Given than Daniel want register utest platform [Daniel open up utest [Daniel opens the Utest page, Daniel clicks on button that start the register]], When he fill out the forms
| strName | strLastName | strEmail | strPassword | strMes | strAnio | strDia | strCiudad | strPais | strCode | strVersion | strComputer | strLenguage | strMovil | strModel | strOs |
| Daniel | Garcia | danielgarcia10211222@gmail.com | TGGADll96$ | October | 1996 | 20 | Bogotá | Colombia | 111151 | 10 | Windows | Italian | Huawei | Y8p | Android 10 | [Daniel fill personal information [Daniel enters 'Daniel' into first name of user, Daniel enters 'Garcia' into last name of user, Daniel enters 'danielgarcia10211222@gmail.com' into email  of user, Daniel select October on day of birth, Daniel select 20 on day of birth, Daniel select 1996 on year of birth, Daniel clicks on button that start the register], Daniel fill adress [Daniel enters 'Bogotá' into location city, Daniel enters '111151' into location zip, Daniel clicks on DIV PAIS, Daniel enters 'Colombia' then hits ARROW_DOWN and ENTER into Country select]]
[Test worker] WARN net.thucydides.core.steps.BaseStepListener - stepStarted: net.thucydides.core.steps.ExecutedStepDescription@226198a7
[Test worker] WARN net.thucydides.core.steps.BaseStepListener - stepFinished: current outcome:Register in the utest platform:Given than Daniel want register utest platform [Daniel open up utest [Daniel opens the Utest page, Daniel clicks on button that start the register]], When he fill out the forms
| strName | strLastName | strEmail | strPassword | strMes | strAnio | strDia | strCiudad | strPais | strCode | strVersion | strComputer | strLenguage | strMovil | strModel | strOs |
| Daniel | Garcia | danielgarcia10211222@gmail.com | TGGADll96$ | October | 1996 | 20 | Bogotá | Colombia | 111151 | 10 | Windows | Italian | Huawei | Y8p | Android 10 | [Daniel fill personal information [Daniel enters 'Daniel' into first name of user, Daniel enters 'Garcia' into last name of user, Daniel enters 'danielgarcia10211222@gmail.com' into email  of user, Daniel select October on day of birth, Daniel select 20 on day of birth, Daniel select 1996 on year of birth, Daniel clicks on button that start the register], Daniel fill adress [Daniel enters 'Bogotá' into location city, Daniel enters '111151' into location zip, Daniel clicks on DIV PAIS, Daniel enters 'Colombia' then hits ARROW_DOWN and ENTER into Country select, Daniel clicks on location city]]
[Test worker] WARN net.thucydides.core.steps.BaseStepListener - stepStarted: net.thucydides.core.steps.ExecutedStepDescription@425161de
[Test worker] WARN net.thucydides.core.steps.BaseStepListener - stepFinished: current outcome:Register in the utest platform:Given than Daniel want register utest platform [Daniel open up utest [Daniel opens the Utest page, Daniel clicks on button that start the register]], When he fill out the forms
| strName | strLastName | strEmail | strPassword | strMes | strAnio | strDia | strCiudad | strPais | strCode | strVersion | strComputer | strLenguage | strMovil | strModel | strOs |
| Daniel | Garcia | danielgarcia10211222@gmail.com | TGGADll96$ | October | 1996 | 20 | Bogotá | Colombia | 111151 | 10 | Windows | Italian | Huawei | Y8p | Android 10 | [Daniel fill personal information [Daniel enters 'Daniel' into first name of user, Daniel enters 'Garcia' into last name of user, Daniel enters 'danielgarcia10211222@gmail.com' into email  of user, Daniel select October on day of birth, Daniel select 20 on day of birth, Daniel select 1996 on year of birth, Daniel clicks on button that start the register], Daniel fill adress [Daniel enters 'Bogotá' into location city, Daniel enters '111151' into location zip, Daniel clicks on DIV PAIS, Daniel enters 'Colombia' then hits ARROW_DOWN and ENTER into Country select, Daniel clicks on location city, Daniel clicks on button that start the register]]
[Test worker] WARN net.thucydides.core.steps.BaseStepListener - stepFinished: current outcome:Register in the utest platform:Given than Daniel want register utest platform [Daniel open up utest [Daniel opens the Utest page, Daniel clicks on button that start the register]], When he fill out the forms
| strName | strLastName | strEmail | strPassword | strMes | strAnio | strDia | strCiudad | strPais | strCode | strVersion | strComputer | strLenguage | strMovil | strModel | strOs |
| Daniel | Garcia | danielgarcia10211222@gmail.com | TGGADll96$ | October | 1996 | 20 | Bogotá | Colombia | 111151 | 10 | Windows | Italian | Huawei | Y8p | Android 10 | [Daniel fill personal information [Daniel enters 'Daniel' into first name of user, Daniel enters 'Garcia' into last name of user, Daniel enters 'danielgarcia10211222@gmail.com' into email  of user, Daniel select October on day of birth, Daniel select 20 on day of birth, Daniel select 1996 on year of birth, Daniel clicks on button that start the register], Daniel fill adress [Daniel enters 'Bogotá' into location city, Daniel enters '111151' into location zip, Daniel clicks on DIV PAIS, Daniel enters 'Colombia' then hits ARROW_DOWN and ENTER into Country select, Daniel clicks on location city, Daniel clicks on button that start the register]]
[Test worker] WARN net.thucydides.core.steps.BaseStepListener - stepStarted: net.thucydides.core.steps.ExecutedStepDescription@5ca10b8
[Test worker] WARN net.thucydides.core.steps.BaseStepListener - stepStarted: net.thucydides.core.steps.ExecutedStepDescription@5c296ac3
[Test worker] WARN net.thucydides.core.steps.BaseStepListener - stepFinished: current outcome:Register in the utest platform:Given than Daniel want register utest platform [Daniel open up utest [Daniel opens the Utest page, Daniel clicks on button that start the register]], When he fill out the forms
| strName | strLastName | strEmail | strPassword | strMes | strAnio | strDia | strCiudad | strPais | strCode | strVersion | strComputer | strLenguage | strMovil | strModel | strOs |
| Daniel | Garcia | danielgarcia10211222@gmail.com | TGGADll96$ | October | 1996 | 20 | Bogotá | Colombia | 111151 | 10 | Windows | Italian | Huawei | Y8p | Android 10 | [Daniel fill personal information [Daniel enters 'Daniel' into first name of user, Daniel enters 'Garcia' into last name of user, Daniel enters 'danielgarcia10211222@gmail.com' into email  of user, Daniel select October on day of birth, Daniel select 20 on day of birth, Daniel select 1996 on year of birth, Daniel clicks on button that start the register], Daniel fill adress [Daniel enters 'Bogotá' into location city, Daniel enters '111151' into location zip, Daniel clicks on DIV PAIS, Daniel enters 'Colombia' then hits ARROW_DOWN and ENTER into Country select, Daniel clicks on location city, Daniel clicks on button that start the register], Daniel fill devices [Daniel clicks on div computer]]
[Test worker] WARN net.thucydides.core.steps.BaseStepListener - stepStarted: net.thucydides.core.steps.ExecutedStepDescription@17d1dada
[Test worker] WARN net.thucydides.core.steps.BaseStepListener - stepFinished: current outcome:Register in the utest platform:Given than Daniel want register utest platform [Daniel open up utest [Daniel opens the Utest page, Daniel clicks on button that start the register]], When he fill out the forms
| strName | strLastName | strEmail | strPassword | strMes | strAnio | strDia | strCiudad | strPais | strCode | strVersion | strComputer | strLenguage | strMovil | strModel | strOs |
| Daniel | Garcia | danielgarcia10211222@gmail.com | TGGADll96$ | October | 1996 | 20 | Bogotá | Colombia | 111151 | 10 | Windows | Italian | Huawei | Y8p | Android 10 | [Daniel fill personal information [Daniel enters 'Daniel' into first name of user, Daniel enters 'Garcia' into last name of user, Daniel enters 'danielgarcia10211222@gmail.com' into email  of user, Daniel select October on day of birth, Daniel select 20 on day of birth, Daniel select 1996 on year of birth, Daniel clicks on button that start the register], Daniel fill adress [Daniel enters 'Bogotá' into location city, Daniel enters '111151' into location zip, Daniel clicks on DIV PAIS, Daniel enters 'Colombia' then hits ARROW_DOWN and ENTER into Country select, Daniel clicks on location city, Daniel clicks on button that start the register], Daniel fill devices [Daniel clicks on div computer, Daniel enters 'Windows' then hits ARROW_DOWN and ENTER into input computer]]
[Test worker] WARN net.thucydides.core.steps.BaseStepListener - stepStarted: net.thucydides.core.steps.ExecutedStepDescription@4e19e14
[Test worker] WARN net.thucydides.core.steps.BaseStepListener - stepFinished: current outcome:Register in the utest platform:Given than Daniel want register utest platform [Daniel open up utest [Daniel opens the Utest page, Daniel clicks on button that start the register]], When he fill out the forms
| strName | strLastName | strEmail | strPassword | strMes | strAnio | strDia | strCiudad | strPais | strCode | strVersion | strComputer | strLenguage | strMovil | strModel | strOs |
| Daniel | Garcia | danielgarcia10211222@gmail.com | TGGADll96$ | October | 1996 | 20 | Bogotá | Colombia | 111151 | 10 | Windows | Italian | Huawei | Y8p | Android 10 | [Daniel fill personal information [Daniel enters 'Daniel' into first name of user, Daniel enters 'Garcia' into last name of user, Daniel enters 'danielgarcia10211222@gmail.com' into email  of user, Daniel select October on day of birth, Daniel select 20 on day of birth, Daniel select 1996 on year of birth, Daniel clicks on button that start the register], Daniel fill adress [Daniel enters 'Bogotá' into location city, Daniel enters '111151' into location zip, Daniel clicks on DIV PAIS, Daniel enters 'Colombia' then hits ARROW_DOWN and ENTER into Country select, Daniel clicks on location city, Daniel clicks on button that start the register], Daniel fill devices [Daniel clicks on div computer, Daniel enters 'Windows' then hits ARROW_DOWN and ENTER into input computer, Daniel clicks on div padre]]
[Test worker] WARN net.thucydides.core.steps.BaseStepListener - stepStarted: net.thucydides.core.steps.ExecutedStepDescription@2128ec4a
[Test worker] WARN net.thucydides.core.steps.BaseStepListener - stepFinished: current outcome:Register in the utest platform:Given than Daniel want register utest platform [Daniel open up utest [Daniel opens the Utest page, Daniel clicks on button that start the register]], When he fill out the forms
| strName | strLastName | strEmail | strPassword | strMes | strAnio | strDia | strCiudad | strPais | strCode | strVersion | strComputer | strLenguage | strMovil | strModel | strOs |
| Daniel | Garcia | danielgarcia10211222@gmail.com | TGGADll96$ | October | 1996 | 20 | Bogotá | Colombia | 111151 | 10 | Windows | Italian | Huawei | Y8p | Android 10 | [Daniel fill personal information [Daniel enters 'Daniel' into first name of user, Daniel enters 'Garcia' into last name of user, Daniel enters 'danielgarcia10211222@gmail.com' into email  of user, Daniel select October on day of birth, Daniel select 20 on day of birth, Daniel select 1996 on year of birth, Daniel clicks on button that start the register], Daniel fill adress [Daniel enters 'Bogotá' into location city, Daniel enters '111151' into location zip, Daniel clicks on DIV PAIS, Daniel enters 'Colombia' then hits ARROW_DOWN and ENTER into Country select, Daniel clicks on location city, Daniel clicks on button that start the register], Daniel fill devices [Daniel clicks on div computer, Daniel enters 'Windows' then hits ARROW_DOWN and ENTER into input computer, Daniel clicks on div padre, Daniel enters '10' then hits ARROW_DOWN and ENTER into INPUT VERSION ]]
[Test worker] WARN net.thucydides.core.steps.BaseStepListener - stepStarted: net.thucydides.core.steps.ExecutedStepDescription@50b602e7
[Test worker] WARN net.thucydides.core.steps.BaseStepListener - stepFinished: current outcome:Register in the utest platform:Given than Daniel want register utest platform [Daniel open up utest [Daniel opens the Utest page, Daniel clicks on button that start the register]], When he fill out the forms
| strName | strLastName | strEmail | strPassword | strMes | strAnio | strDia | strCiudad | strPais | strCode | strVersion | strComputer | strLenguage | strMovil | strModel | strOs |
| Daniel | Garcia | danielgarcia10211222@gmail.com | TGGADll96$ | October | 1996 | 20 | Bogotá | Colombia | 111151 | 10 | Windows | Italian | Huawei | Y8p | Android 10 | [Daniel fill personal information [Daniel enters 'Daniel' into first name of user, Daniel enters 'Garcia' into last name of user, Daniel enters 'danielgarcia10211222@gmail.com' into email  of user, Daniel select October on day of birth, Daniel select 20 on day of birth, Daniel select 1996 on year of birth, Daniel clicks on button that start the register], Daniel fill adress [Daniel enters 'Bogotá' into location city, Daniel enters '111151' into location zip, Daniel clicks on DIV PAIS, Daniel enters 'Colombia' then hits ARROW_DOWN and ENTER into Country select, Daniel clicks on location city, Daniel clicks on button that start the register], Daniel fill devices [Daniel clicks on div computer, Daniel enters 'Windows' then hits ARROW_DOWN and ENTER into input computer, Daniel clicks on div padre, Daniel enters '10' then hits ARROW_DOWN and ENTER into INPUT VERSION , Daniel clicks on div lenguaje]]
[Test worker] WARN net.thucydides.core.steps.BaseStepListener - stepStarted: net.thucydides.core.steps.ExecutedStepDescription@1d8cb562
[Test worker] WARN net.thucydides.core.steps.BaseStepListener - stepFinished: current outcome:Register in the utest platform:Given than Daniel want register utest platform [Daniel open up utest [Daniel opens the Utest page, Daniel clicks on button that start the register]], When he fill out the forms
| strName | strLastName | strEmail | strPassword | strMes | strAnio | strDia | strCiudad | strPais | strCode | strVersion | strComputer | strLenguage | strMovil | strModel | strOs |
| Daniel | Garcia | danielgarcia10211222@gmail.com | TGGADll96$ | October | 1996 | 20 | Bogotá | Colombia | 111151 | 10 | Windows | Italian | Huawei | Y8p | Android 10 | [Daniel fill personal information [Daniel enters 'Daniel' into first name of user, Daniel enters 'Garcia' into last name of user, Daniel enters 'danielgarcia10211222@gmail.com' into email  of user, Daniel select October on day of birth, Daniel select 20 on day of birth, Daniel select 1996 on year of birth, Daniel clicks on button that start the register], Daniel fill adress [Daniel enters 'Bogotá' into location city, Daniel enters '111151' into location zip, Daniel clicks on DIV PAIS, Daniel enters 'Colombia' then hits ARROW_DOWN and ENTER into Country select, Daniel clicks on location city, Daniel clicks on button that start the register], Daniel fill devices [Daniel clicks on div computer, Daniel enters 'Windows' then hits ARROW_DOWN and ENTER into input computer, Daniel clicks on div padre, Daniel enters '10' then hits ARROW_DOWN and ENTER into INPUT VERSION , Daniel clicks on div lenguaje, Daniel enters 'Italian' then hits ARROW_DOWN and ENTER into input lenguaje ]]
[Test worker] WARN net.thucydides.core.steps.BaseStepListener - stepStarted: net.thucydides.core.steps.ExecutedStepDescription@61c7c3d9
[Test worker] WARN net.thucydides.core.steps.BaseStepListener - stepFinished: current outcome:Register in the utest platform:Given than Daniel want register utest platform [Daniel open up utest [Daniel opens the Utest page, Daniel clicks on button that start the register]], When he fill out the forms
| strName | strLastName | strEmail | strPassword | strMes | strAnio | strDia | strCiudad | strPais | strCode | strVersion | strComputer | strLenguage | strMovil | strModel | strOs |
| Daniel | Garcia | danielgarcia10211222@gmail.com | TGGADll96$ | October | 1996 | 20 | Bogotá | Colombia | 111151 | 10 | Windows | Italian | Huawei | Y8p | Android 10 | [Daniel fill personal information [Daniel enters 'Daniel' into first name of user, Daniel enters 'Garcia' into last name of user, Daniel enters 'danielgarcia10211222@gmail.com' into email  of user, Daniel select October on day of birth, Daniel select 20 on day of birth, Daniel select 1996 on year of birth, Daniel clicks on button that start the register], Daniel fill adress [Daniel enters 'Bogotá' into location city, Daniel enters '111151' into location zip, Daniel clicks on DIV PAIS, Daniel enters 'Colombia' then hits ARROW_DOWN and ENTER into Country select, Daniel clicks on location city, Daniel clicks on button that start the register], Daniel fill devices [Daniel clicks on div computer, Daniel enters 'Windows' then hits ARROW_DOWN and ENTER into input computer, Daniel clicks on div padre, Daniel enters '10' then hits ARROW_DOWN and ENTER into INPUT VERSION , Daniel clicks on div lenguaje, Daniel enters 'Italian' then hits ARROW_DOWN and ENTER into input lenguaje , Daniel clicks on div movil]]
[Test worker] WARN net.thucydides.core.steps.BaseStepListener - stepStarted: net.thucydides.core.steps.ExecutedStepDescription@2f03442d
[Test worker] WARN net.thucydides.core.steps.BaseStepListener - stepFinished: current outcome:Register in the utest platform:Given than Daniel want register utest platform [Daniel open up utest [Daniel opens the Utest page, Daniel clicks on button that start the register]], When he fill out the forms
| strName | strLastName | strEmail | strPassword | strMes | strAnio | strDia | strCiudad | strPais | strCode | strVersion | strComputer | strLenguage | strMovil | strModel | strOs |
| Daniel | Garcia | danielgarcia10211222@gmail.com | TGGADll96$ | October | 1996 | 20 | Bogotá | Colombia | 111151 | 10 | Windows | Italian | Huawei | Y8p | Android 10 | [Daniel fill personal information [Daniel enters 'Daniel' into first name of user, Daniel enters 'Garcia' into last name of user, Daniel enters 'danielgarcia10211222@gmail.com' into email  of user, Daniel select October on day of birth, Daniel select 20 on day of birth, Daniel select 1996 on year of birth, Daniel clicks on button that start the register], Daniel fill adress [Daniel enters 'Bogotá' into location city, Daniel enters '111151' into location zip, Daniel clicks on DIV PAIS, Daniel enters 'Colombia' then hits ARROW_DOWN and ENTER into Country select, Daniel clicks on location city, Daniel clicks on button that start the register], Daniel fill devices [Daniel clicks on div computer, Daniel enters 'Windows' then hits ARROW_DOWN and ENTER into input computer, Daniel clicks on div padre, Daniel enters '10' then hits ARROW_DOWN and ENTER into INPUT VERSION , Daniel clicks on div lenguaje, Daniel enters 'Italian' then hits ARROW_DOWN and ENTER into input lenguaje , Daniel clicks on div movil, Daniel enters 'Huawei' then hits ARROW_DOWN and ENTER into input movil ]]
[Test worker] WARN net.thucydides.core.steps.BaseStepListener - stepStarted: net.thucydides.core.steps.ExecutedStepDescription@20f412a6
[Test worker] WARN net.thucydides.core.steps.BaseStepListener - stepFinished: current outcome:Register in the utest platform:Given than Daniel want register utest platform [Daniel open up utest [Daniel opens the Utest page, Daniel clicks on button that start the register]], When he fill out the forms
| strName | strLastName | strEmail | strPassword | strMes | strAnio | strDia | strCiudad | strPais | strCode | strVersion | strComputer | strLenguage | strMovil | strModel | strOs |
| Daniel | Garcia | danielgarcia10211222@gmail.com | TGGADll96$ | October | 1996 | 20 | Bogotá | Colombia | 111151 | 10 | Windows | Italian | Huawei | Y8p | Android 10 | [Daniel fill personal information [Daniel enters 'Daniel' into first name of user, Daniel enters 'Garcia' into last name of user, Daniel enters 'danielgarcia10211222@gmail.com' into email  of user, Daniel select October on day of birth, Daniel select 20 on day of birth, Daniel select 1996 on year of birth, Daniel clicks on button that start the register], Daniel fill adress [Daniel enters 'Bogotá' into location city, Daniel enters '111151' into location zip, Daniel clicks on DIV PAIS, Daniel enters 'Colombia' then hits ARROW_DOWN and ENTER into Country select, Daniel clicks on location city, Daniel clicks on button that start the register], Daniel fill devices [Daniel clicks on div computer, Daniel enters 'Windows' then hits ARROW_DOWN and ENTER into input computer, Daniel clicks on div padre, Daniel enters '10' then hits ARROW_DOWN and ENTER into INPUT VERSION , Daniel clicks on div lenguaje, Daniel enters 'Italian' then hits ARROW_DOWN and ENTER into input lenguaje , Daniel clicks on div movil, Daniel enters 'Huawei' then hits ARROW_DOWN and ENTER into input movil , Daniel clicks on div movil]]
[Test worker] WARN net.thucydides.core.steps.BaseStepListener - stepStarted: net.thucydides.core.steps.ExecutedStepDescription@29edc14b
[Test worker] WARN net.thucydides.core.steps.BaseStepListener - stepFinished: current outcome:Register in the utest platform:Given than Daniel want register utest platform [Daniel open up utest [Daniel opens the Utest page, Daniel clicks on button that start the register]], When he fill out the forms
| strName | strLastName | strEmail | strPassword | strMes | strAnio | strDia | strCiudad | strPais | strCode | strVersion | strComputer | strLenguage | strMovil | strModel | strOs |
| Daniel | Garcia | danielgarcia10211222@gmail.com | TGGADll96$ | October | 1996 | 20 | Bogotá | Colombia | 111151 | 10 | Windows | Italian | Huawei | Y8p | Android 10 | [Daniel fill personal information [Daniel enters 'Daniel' into first name of user, Daniel enters 'Garcia' into last name of user, Daniel enters 'danielgarcia10211222@gmail.com' into email  of user, Daniel select October on day of birth, Daniel select 20 on day of birth, Daniel select 1996 on year of birth, Daniel clicks on button that start the register], Daniel fill adress [Daniel enters 'Bogotá' into location city, Daniel enters '111151' into location zip, Daniel clicks on DIV PAIS, Daniel enters 'Colombia' then hits ARROW_DOWN and ENTER into Country select, Daniel clicks on location city, Daniel clicks on button that start the register], Daniel fill devices [Daniel clicks on div computer, Daniel enters 'Windows' then hits ARROW_DOWN and ENTER into input computer, Daniel clicks on div padre, Daniel enters '10' then hits ARROW_DOWN and ENTER into INPUT VERSION , Daniel clicks on div lenguaje, Daniel enters 'Italian' then hits ARROW_DOWN and ENTER into input lenguaje , Daniel clicks on div movil, Daniel enters 'Huawei' then hits ARROW_DOWN and ENTER into input movil , Daniel clicks on div movil, Daniel enters 'Y8p' then hits ARROW_DOWN and ENTER into input movil ]]
[Test worker] WARN net.thucydides.core.steps.BaseStepListener - stepStarted: net.thucydides.core.steps.ExecutedStepDescription@5b5dcd88
[Test worker] WARN net.thucydides.core.steps.BaseStepListener - stepFinished: current outcome:Register in the utest platform:Given than Daniel want register utest platform [Daniel open up utest [Daniel opens the Utest page, Daniel clicks on button that start the register]], When he fill out the forms
| strName | strLastName | strEmail | strPassword | strMes | strAnio | strDia | strCiudad | strPais | strCode | strVersion | strComputer | strLenguage | strMovil | strModel | strOs |
| Daniel | Garcia | danielgarcia10211222@gmail.com | TGGADll96$ | October | 1996 | 20 | Bogotá | Colombia | 111151 | 10 | Windows | Italian | Huawei | Y8p | Android 10 | [Daniel fill personal information [Daniel enters 'Daniel' into first name of user, Daniel enters 'Garcia' into last name of user, Daniel enters 'danielgarcia10211222@gmail.com' into email  of user, Daniel select October on day of birth, Daniel select 20 on day of birth, Daniel select 1996 on year of birth, Daniel clicks on button that start the register], Daniel fill adress [Daniel enters 'Bogotá' into location city, Daniel enters '111151' into location zip, Daniel clicks on DIV PAIS, Daniel enters 'Colombia' then hits ARROW_DOWN and ENTER into Country select, Daniel clicks on location city, Daniel clicks on button that start the register], Daniel fill devices [Daniel clicks on div computer, Daniel enters 'Windows' then hits ARROW_DOWN and ENTER into input computer, Daniel clicks on div padre, Daniel enters '10' then hits ARROW_DOWN and ENTER into INPUT VERSION , Daniel clicks on div lenguaje, Daniel enters 'Italian' then hits ARROW_DOWN and ENTER into input lenguaje , Daniel clicks on div movil, Daniel enters 'Huawei' then hits ARROW_DOWN and ENTER into input movil , Daniel clicks on div movil, Daniel enters 'Y8p' then hits ARROW_DOWN and ENTER into input movil , Daniel clicks on div movil]]
[Test worker] WARN net.thucydides.core.steps.BaseStepListener - stepStarted: net.thucydides.core.steps.ExecutedStepDescription@615757cc
[Test worker] WARN net.thucydides.core.steps.BaseStepListener - stepFinished: current outcome:Register in the utest platform:Given than Daniel want register utest platform [Daniel open up utest [Daniel opens the Utest page, Daniel clicks on button that start the register]], When he fill out the forms
| strName | strLastName | strEmail | strPassword | strMes | strAnio | strDia | strCiudad | strPais | strCode | strVersion | strComputer | strLenguage | strMovil | strModel | strOs |
| Daniel | Garcia | danielgarcia10211222@gmail.com | TGGADll96$ | October | 1996 | 20 | Bogotá | Colombia | 111151 | 10 | Windows | Italian | Huawei | Y8p | Android 10 | [Daniel fill personal information [Daniel enters 'Daniel' into first name of user, Daniel enters 'Garcia' into last name of user, Daniel enters 'danielgarcia10211222@gmail.com' into email  of user, Daniel select October on day of birth, Daniel select 20 on day of birth, Daniel select 1996 on year of birth, Daniel clicks on button that start the register], Daniel fill adress [Daniel enters 'Bogotá' into location city, Daniel enters '111151' into location zip, Daniel clicks on DIV PAIS, Daniel enters 'Colombia' then hits ARROW_DOWN and ENTER into Country select, Daniel clicks on location city, Daniel clicks on button that start the register], Daniel fill devices [Daniel clicks on div computer, Daniel enters 'Windows' then hits ARROW_DOWN and ENTER into input computer, Daniel clicks on div padre, Daniel enters '10' then hits ARROW_DOWN and ENTER into INPUT VERSION , Daniel clicks on div lenguaje, Daniel enters 'Italian' then hits ARROW_DOWN and ENTER into input lenguaje , Daniel clicks on div movil, Daniel enters 'Huawei' then hits ARROW_DOWN and ENTER into input movil , Daniel clicks on div movil, Daniel enters 'Y8p' then hits ARROW_DOWN and ENTER into input movil , Daniel clicks on div movil, Daniel enters 'Android 10' then hits ARROW_DOWN and ENTER into input movil ]]
[Test worker] WARN net.thucydides.core.steps.BaseStepListener - stepStarted: net.thucydides.core.steps.ExecutedStepDescription@8bfbf7e
[Test worker] WARN net.thucydides.core.steps.BaseStepListener - stepFinished: current outcome:Register in the utest platform:Given than Daniel want register utest platform [Daniel open up utest [Daniel opens the Utest page, Daniel clicks on button that start the register]], When he fill out the forms
| strName | strLastName | strEmail | strPassword | strMes | strAnio | strDia | strCiudad | strPais | strCode | strVersion | strComputer | strLenguage | strMovil | strModel | strOs |
| Daniel | Garcia | danielgarcia10211222@gmail.com | TGGADll96$ | October | 1996 | 20 | Bogotá | Colombia | 111151 | 10 | Windows | Italian | Huawei | Y8p | Android 10 | [Daniel fill personal information [Daniel enters 'Daniel' into first name of user, Daniel enters 'Garcia' into last name of user, Daniel enters 'danielgarcia10211222@gmail.com' into email  of user, Daniel select October on day of birth, Daniel select 20 on day of birth, Daniel select 1996 on year of birth, Daniel clicks on button that start the register], Daniel fill adress [Daniel enters 'Bogotá' into location city, Daniel enters '111151' into location zip, Daniel clicks on DIV PAIS, Daniel enters 'Colombia' then hits ARROW_DOWN and ENTER into Country select, Daniel clicks on location city, Daniel clicks on button that start the register], Daniel fill devices [Daniel clicks on div computer, Daniel enters 'Windows' then hits ARROW_DOWN and ENTER into input computer, Daniel clicks on div padre, Daniel enters '10' then hits ARROW_DOWN and ENTER into INPUT VERSION , Daniel clicks on div lenguaje, Daniel enters 'Italian' then hits ARROW_DOWN and ENTER into input lenguaje , Daniel clicks on div movil, Daniel enters 'Huawei' then hits ARROW_DOWN and ENTER into input movil , Daniel clicks on div movil, Daniel enters 'Y8p' then hits ARROW_DOWN and ENTER into input movil , Daniel clicks on div movil, Daniel enters 'Android 10' then hits ARROW_DOWN and ENTER into input movil , Daniel clicks on button that start the register]]
[Test worker] WARN net.thucydides.core.steps.BaseStepListener - stepFinished: current outcome:Register in the utest platform:Given than Daniel want register utest platform [Daniel open up utest [Daniel opens the Utest page, Daniel clicks on button that start the register]], When he fill out the forms
| strName | strLastName | strEmail | strPassword | strMes | strAnio | strDia | strCiudad | strPais | strCode | strVersion | strComputer | strLenguage | strMovil | strModel | strOs |
| Daniel | Garcia | danielgarcia10211222@gmail.com | TGGADll96$ | October | 1996 | 20 | Bogotá | Colombia | 111151 | 10 | Windows | Italian | Huawei | Y8p | Android 10 | [Daniel fill personal information [Daniel enters 'Daniel' into first name of user, Daniel enters 'Garcia' into last name of user, Daniel enters 'danielgarcia10211222@gmail.com' into email  of user, Daniel select October on day of birth, Daniel select 20 on day of birth, Daniel select 1996 on year of birth, Daniel clicks on button that start the register], Daniel fill adress [Daniel enters 'Bogotá' into location city, Daniel enters '111151' into location zip, Daniel clicks on DIV PAIS, Daniel enters 'Colombia' then hits ARROW_DOWN and ENTER into Country select, Daniel clicks on location city, Daniel clicks on button that start the register], Daniel fill devices [Daniel clicks on div computer, Daniel enters 'Windows' then hits ARROW_DOWN and ENTER into input computer, Daniel clicks on div padre, Daniel enters '10' then hits ARROW_DOWN and ENTER into INPUT VERSION , Daniel clicks on div lenguaje, Daniel enters 'Italian' then hits ARROW_DOWN and ENTER into input lenguaje , Daniel clicks on div movil, Daniel enters 'Huawei' then hits ARROW_DOWN and ENTER into input movil , Daniel clicks on div movil, Daniel enters 'Y8p' then hits ARROW_DOWN and ENTER into input movil , Daniel clicks on div movil, Daniel enters 'Android 10' then hits ARROW_DOWN and ENTER into input movil , Daniel clicks on button that start the register]]
[Test worker] WARN net.thucydides.core.steps.BaseStepListener - stepStarted: net.thucydides.core.steps.ExecutedStepDescription@56d4e552
[Test worker] WARN net.thucydides.core.steps.BaseStepListener - stepStarted: net.thucydides.core.steps.ExecutedStepDescription@5a538a76
[Test worker] WARN net.thucydides.core.steps.BaseStepListener - stepFinished: current outcome:Register in the utest platform:Given than Daniel want register utest platform [Daniel open up utest [Daniel opens the Utest page, Daniel clicks on button that start the register]], When he fill out the forms
| strName | strLastName | strEmail | strPassword | strMes | strAnio | strDia | strCiudad | strPais | strCode | strVersion | strComputer | strLenguage | strMovil | strModel | strOs |
| Daniel | Garcia | danielgarcia10211222@gmail.com | TGGADll96$ | October | 1996 | 20 | Bogotá | Colombia | 111151 | 10 | Windows | Italian | Huawei | Y8p | Android 10 | [Daniel fill personal information [Daniel enters 'Daniel' into first name of user, Daniel enters 'Garcia' into last name of user, Daniel enters 'danielgarcia10211222@gmail.com' into email  of user, Daniel select October on day of birth, Daniel select 20 on day of birth, Daniel select 1996 on year of birth, Daniel clicks on button that start the register], Daniel fill adress [Daniel enters 'Bogotá' into location city, Daniel enters '111151' into location zip, Daniel clicks on DIV PAIS, Daniel enters 'Colombia' then hits ARROW_DOWN and ENTER into Country select, Daniel clicks on location city, Daniel clicks on button that start the register], Daniel fill devices [Daniel clicks on div computer, Daniel enters 'Windows' then hits ARROW_DOWN and ENTER into input computer, Daniel clicks on div padre, Daniel enters '10' then hits ARROW_DOWN and ENTER into INPUT VERSION , Daniel clicks on div lenguaje, Daniel enters 'Italian' then hits ARROW_DOWN and ENTER into input lenguaje , Daniel clicks on div movil, Daniel enters 'Huawei' then hits ARROW_DOWN and ENTER into input movil , Daniel clicks on div movil, Daniel enters 'Y8p' then hits ARROW_DOWN and ENTER into input movil , Daniel clicks on div movil, Daniel enters 'Android 10' then hits ARROW_DOWN and ENTER into input movil , Daniel clicks on button that start the register], Daniel fill complete form [Daniel enters 'TGGADll96$' into user password]]
[Test worker] WARN net.thucydides.core.steps.BaseStepListener - stepStarted: net.thucydides.core.steps.ExecutedStepDescription@220f6ff8
[Test worker] WARN net.thucydides.core.steps.BaseStepListener - stepFinished: current outcome:Register in the utest platform:Given than Daniel want register utest platform [Daniel open up utest [Daniel opens the Utest page, Daniel clicks on button that start the register]], When he fill out the forms
| strName | strLastName | strEmail | strPassword | strMes | strAnio | strDia | strCiudad | strPais | strCode | strVersion | strComputer | strLenguage | strMovil | strModel | strOs |
| Daniel | Garcia | danielgarcia10211222@gmail.com | TGGADll96$ | October | 1996 | 20 | Bogotá | Colombia | 111151 | 10 | Windows | Italian | Huawei | Y8p | Android 10 | [Daniel fill personal information [Daniel enters 'Daniel' into first name of user, Daniel enters 'Garcia' into last name of user, Daniel enters 'danielgarcia10211222@gmail.com' into email  of user, Daniel select October on day of birth, Daniel select 20 on day of birth, Daniel select 1996 on year of birth, Daniel clicks on button that start the register], Daniel fill adress [Daniel enters 'Bogotá' into location city, Daniel enters '111151' into location zip, Daniel clicks on DIV PAIS, Daniel enters 'Colombia' then hits ARROW_DOWN and ENTER into Country select, Daniel clicks on location city, Daniel clicks on button that start the register], Daniel fill devices [Daniel clicks on div computer, Daniel enters 'Windows' then hits ARROW_DOWN and ENTER into input computer, Daniel clicks on div padre, Daniel enters '10' then hits ARROW_DOWN and ENTER into INPUT VERSION , Daniel clicks on div lenguaje, Daniel enters 'Italian' then hits ARROW_DOWN and ENTER into input lenguaje , Daniel clicks on div movil, Daniel enters 'Huawei' then hits ARROW_DOWN and ENTER into input movil , Daniel clicks on div movil, Daniel enters 'Y8p' then hits ARROW_DOWN and ENTER into input movil , Daniel clicks on div movil, Daniel enters 'Android 10' then hits ARROW_DOWN and ENTER into input movil , Daniel clicks on button that start the register], Daniel fill complete form [Daniel enters 'TGGADll96$' into user password, Daniel enters 'TGGADll96$' into user password confirm]]
[Test worker] WARN net.thucydides.core.steps.BaseStepListener - stepStarted: net.thucydides.core.steps.ExecutedStepDescription@3c4eb3a6
[Test worker] WARN net.thucydides.core.steps.BaseStepListener - stepFinished: current outcome:Register in the utest platform:Given than Daniel want register utest platform [Daniel open up utest [Daniel opens the Utest page, Daniel clicks on button that start the register]], When he fill out the forms
| strName | strLastName | strEmail | strPassword | strMes | strAnio | strDia | strCiudad | strPais | strCode | strVersion | strComputer | strLenguage | strMovil | strModel | strOs |
| Daniel | Garcia | danielgarcia10211222@gmail.com | TGGADll96$ | October | 1996 | 20 | Bogotá | Colombia | 111151 | 10 | Windows | Italian | Huawei | Y8p | Android 10 | [Daniel fill personal information [Daniel enters 'Daniel' into first name of user, Daniel enters 'Garcia' into last name of user, Daniel enters 'danielgarcia10211222@gmail.com' into email  of user, Daniel select October on day of birth, Daniel select 20 on day of birth, Daniel select 1996 on year of birth, Daniel clicks on button that start the register], Daniel fill adress [Daniel enters 'Bogotá' into location city, Daniel enters '111151' into location zip, Daniel clicks on DIV PAIS, Daniel enters 'Colombia' then hits ARROW_DOWN and ENTER into Country select, Daniel clicks on location city, Daniel clicks on button that start the register], Daniel fill devices [Daniel clicks on div computer, Daniel enters 'Windows' then hits ARROW_DOWN and ENTER into input computer, Daniel clicks on div padre, Daniel enters '10' then hits ARROW_DOWN and ENTER into INPUT VERSION , Daniel clicks on div lenguaje, Daniel enters 'Italian' then hits ARROW_DOWN and ENTER into input lenguaje , Daniel clicks on div movil, Daniel enters 'Huawei' then hits ARROW_DOWN and ENTER into input movil , Daniel clicks on div movil, Daniel enters 'Y8p' then hits ARROW_DOWN and ENTER into input movil , Daniel clicks on div movil, Daniel enters 'Android 10' then hits ARROW_DOWN and ENTER into input movil , Daniel clicks on button that start the register], Daniel fill complete form [Daniel enters 'TGGADll96$' into user password, Daniel enters 'TGGADll96$' into user password confirm, Daniel clicks on term Of Use for user]]
[Test worker] WARN net.thucydides.core.steps.BaseStepListener - stepStarted: net.thucydides.core.steps.ExecutedStepDescription@7a83ced9
[Test worker] WARN net.thucydides.core.steps.BaseStepListener - stepFinished: current outcome:Register in the utest platform:Given than Daniel want register utest platform [Daniel open up utest [Daniel opens the Utest page, Daniel clicks on button that start the register]], When he fill out the forms
| strName | strLastName | strEmail | strPassword | strMes | strAnio | strDia | strCiudad | strPais | strCode | strVersion | strComputer | strLenguage | strMovil | strModel | strOs |
| Daniel | Garcia | danielgarcia10211222@gmail.com | TGGADll96$ | October | 1996 | 20 | Bogotá | Colombia | 111151 | 10 | Windows | Italian | Huawei | Y8p | Android 10 | [Daniel fill personal information [Daniel enters 'Daniel' into first name of user, Daniel enters 'Garcia' into last name of user, Daniel enters 'danielgarcia10211222@gmail.com' into email  of user, Daniel select October on day of birth, Daniel select 20 on day of birth, Daniel select 1996 on year of birth, Daniel clicks on button that start the register], Daniel fill adress [Daniel enters 'Bogotá' into location city, Daniel enters '111151' into location zip, Daniel clicks on DIV PAIS, Daniel enters 'Colombia' then hits ARROW_DOWN and ENTER into Country select, Daniel clicks on location city, Daniel clicks on button that start the register], Daniel fill devices [Daniel clicks on div computer, Daniel enters 'Windows' then hits ARROW_DOWN and ENTER into input computer, Daniel clicks on div padre, Daniel enters '10' then hits ARROW_DOWN and ENTER into INPUT VERSION , Daniel clicks on div lenguaje, Daniel enters 'Italian' then hits ARROW_DOWN and ENTER into input lenguaje , Daniel clicks on div movil, Daniel enters 'Huawei' then hits ARROW_DOWN and ENTER into input movil , Daniel clicks on div movil, Daniel enters 'Y8p' then hits ARROW_DOWN and ENTER into input movil , Daniel clicks on div movil, Daniel enters 'Android 10' then hits ARROW_DOWN and ENTER into input movil , Daniel clicks on button that start the register], Daniel fill complete form [Daniel enters 'TGGADll96$' into user password, Daniel enters 'TGGADll96$' into user password confirm, Daniel clicks on term Of Use for user, Daniel clicks on Privacy & Security Policy  for user]]
[Test worker] WARN net.thucydides.core.steps.BaseStepListener - stepFinished: current outcome:Register in the utest platform:Given than Daniel want register utest platform [Daniel open up utest [Daniel opens the Utest page, Daniel clicks on button that start the register]], When he fill out the forms
| strName | strLastName | strEmail | strPassword | strMes | strAnio | strDia | strCiudad | strPais | strCode | strVersion | strComputer | strLenguage | strMovil | strModel | strOs |
| Daniel | Garcia | danielgarcia10211222@gmail.com | TGGADll96$ | October | 1996 | 20 | Bogotá | Colombia | 111151 | 10 | Windows | Italian | Huawei | Y8p | Android 10 | [Daniel fill personal information [Daniel enters 'Daniel' into first name of user, Daniel enters 'Garcia' into last name of user, Daniel enters 'danielgarcia10211222@gmail.com' into email  of user, Daniel select October on day of birth, Daniel select 20 on day of birth, Daniel select 1996 on year of birth, Daniel clicks on button that start the register], Daniel fill adress [Daniel enters 'Bogotá' into location city, Daniel enters '111151' into location zip, Daniel clicks on DIV PAIS, Daniel enters 'Colombia' then hits ARROW_DOWN and ENTER into Country select, Daniel clicks on location city, Daniel clicks on button that start the register], Daniel fill devices [Daniel clicks on div computer, Daniel enters 'Windows' then hits ARROW_DOWN and ENTER into input computer, Daniel clicks on div padre, Daniel enters '10' then hits ARROW_DOWN and ENTER into INPUT VERSION , Daniel clicks on div lenguaje, Daniel enters 'Italian' then hits ARROW_DOWN and ENTER into input lenguaje , Daniel clicks on div movil, Daniel enters 'Huawei' then hits ARROW_DOWN and ENTER into input movil , Daniel clicks on div movil, Daniel enters 'Y8p' then hits ARROW_DOWN and ENTER into input movil , Daniel clicks on div movil, Daniel enters 'Android 10' then hits ARROW_DOWN and ENTER into input movil , Daniel clicks on button that start the register], Daniel fill complete form [Daniel enters 'TGGADll96$' into user password, Daniel enters 'TGGADll96$' into user password confirm, Daniel clicks on term Of Use for user, Daniel clicks on Privacy & Security Policy  for user]]
[Test worker] WARN net.thucydides.core.steps.BaseStepListener - stepFinished: current outcome:Register in the utest platform:Given than Daniel want register utest platform [Daniel open up utest [Daniel opens the Utest page, Daniel clicks on button that start the register]], When he fill out the forms
| strName | strLastName | strEmail | strPassword | strMes | strAnio | strDia | strCiudad | strPais | strCode | strVersion | strComputer | strLenguage | strMovil | strModel | strOs |
| Daniel | Garcia | danielgarcia10211222@gmail.com | TGGADll96$ | October | 1996 | 20 | Bogotá | Colombia | 111151 | 10 | Windows | Italian | Huawei | Y8p | Android 10 | [Daniel fill personal information [Daniel enters 'Daniel' into first name of user, Daniel enters 'Garcia' into last name of user, Daniel enters 'danielgarcia10211222@gmail.com' into email  of user, Daniel select October on day of birth, Daniel select 20 on day of birth, Daniel select 1996 on year of birth, Daniel clicks on button that start the register], Daniel fill adress [Daniel enters 'Bogotá' into location city, Daniel enters '111151' into location zip, Daniel clicks on DIV PAIS, Daniel enters 'Colombia' then hits ARROW_DOWN and ENTER into Country select, Daniel clicks on location city, Daniel clicks on button that start the register], Daniel fill devices [Daniel clicks on div computer, Daniel enters 'Windows' then hits ARROW_DOWN and ENTER into input computer, Daniel clicks on div padre, Daniel enters '10' then hits ARROW_DOWN and ENTER into INPUT VERSION , Daniel clicks on div lenguaje, Daniel enters 'Italian' then hits ARROW_DOWN and ENTER into input lenguaje , Daniel clicks on div movil, Daniel enters 'Huawei' then hits ARROW_DOWN and ENTER into input movil , Daniel clicks on div movil, Daniel enters 'Y8p' then hits ARROW_DOWN and ENTER into input movil , Daniel clicks on div movil, Daniel enters 'Android 10' then hits ARROW_DOWN and ENTER into input movil , Daniel clicks on button that start the register], Daniel fill complete form [Daniel enters 'TGGADll96$' into user password, Daniel enters 'TGGADll96$' into user password confirm, Daniel clicks on term Of Use for user, Daniel clicks on Privacy & Security Policy  for user]]
[Test worker] WARN net.thucydides.core.steps.BaseStepListener - stepStarted: net.thucydides.core.steps.ExecutedStepDescription@568cd1d0
[Test worker] WARN net.thucydides.core.steps.BaseStepListener - stepStarted: net.thucydides.core.steps.ExecutedStepDescription@41380ce7
[Test worker] WARN net.thucydides.core.steps.BaseStepListener - stepFinished: current outcome:Register in the utest platform:Given than Daniel want register utest platform [Daniel open up utest [Daniel opens the Utest page, Daniel clicks on button that start the register]], When he fill out the forms
| strName | strLastName | strEmail | strPassword | strMes | strAnio | strDia | strCiudad | strPais | strCode | strVersion | strComputer | strLenguage | strMovil | strModel | strOs |
| Daniel | Garcia | danielgarcia10211222@gmail.com | TGGADll96$ | October | 1996 | 20 | Bogotá | Colombia | 111151 | 10 | Windows | Italian | Huawei | Y8p | Android 10 | [Daniel fill personal information [Daniel enters 'Daniel' into first name of user, Daniel enters 'Garcia' into last name of user, Daniel enters 'danielgarcia10211222@gmail.com' into email  of user, Daniel select October on day of birth, Daniel select 20 on day of birth, Daniel select 1996 on year of birth, Daniel clicks on button that start the register], Daniel fill adress [Daniel enters 'Bogotá' into location city, Daniel enters '111151' into location zip, Daniel clicks on DIV PAIS, Daniel enters 'Colombia' then hits ARROW_DOWN and ENTER into Country select, Daniel clicks on location city, Daniel clicks on button that start the register], Daniel fill devices [Daniel clicks on div computer, Daniel enters 'Windows' then hits ARROW_DOWN and ENTER into input computer, Daniel clicks on div padre, Daniel enters '10' then hits ARROW_DOWN and ENTER into INPUT VERSION , Daniel clicks on div lenguaje, Daniel enters 'Italian' then hits ARROW_DOWN and ENTER into input lenguaje , Daniel clicks on div movil, Daniel enters 'Huawei' then hits ARROW_DOWN and ENTER into input movil , Daniel clicks on div movil, Daniel enters 'Y8p' then hits ARROW_DOWN and ENTER into input movil , Daniel clicks on div movil, Daniel enters 'Android 10' then hits ARROW_DOWN and ENTER into input movil , Daniel clicks on button that start the register], Daniel fill complete form [Daniel enters 'TGGADll96$' into user password, Daniel enters 'TGGADll96$' into user password confirm, Daniel clicks on term Of Use for user, Daniel clicks on Privacy & Security Policy  for user]], Then he finish the proccess
| strTextoBotonFinal |
| Complete Setup | [Then answer]
[Test worker] WARN net.thucydides.core.steps.BaseStepListener - stepFinished: current outcome:Register in the utest platform:Given than Daniel want register utest platform [Daniel open up utest [Daniel opens the Utest page, Daniel clicks on button that start the register]], When he fill out the forms
| strName | strLastName | strEmail | strPassword | strMes | strAnio | strDia | strCiudad | strPais | strCode | strVersion | strComputer | strLenguage | strMovil | strModel | strOs |
| Daniel | Garcia | danielgarcia10211222@gmail.com | TGGADll96$ | October | 1996 | 20 | Bogotá | Colombia | 111151 | 10 | Windows | Italian | Huawei | Y8p | Android 10 | [Daniel fill personal information [Daniel enters 'Daniel' into first name of user, Daniel enters 'Garcia' into last name of user, Daniel enters 'danielgarcia10211222@gmail.com' into email  of user, Daniel select October on day of birth, Daniel select 20 on day of birth, Daniel select 1996 on year of birth, Daniel clicks on button that start the register], Daniel fill adress [Daniel enters 'Bogotá' into location city, Daniel enters '111151' into location zip, Daniel clicks on DIV PAIS, Daniel enters 'Colombia' then hits ARROW_DOWN and ENTER into Country select, Daniel clicks on location city, Daniel clicks on button that start the register], Daniel fill devices [Daniel clicks on div computer, Daniel enters 'Windows' then hits ARROW_DOWN and ENTER into input computer, Daniel clicks on div padre, Daniel enters '10' then hits ARROW_DOWN and ENTER into INPUT VERSION , Daniel clicks on div lenguaje, Daniel enters 'Italian' then hits ARROW_DOWN and ENTER into input lenguaje , Daniel clicks on div movil, Daniel enters 'Huawei' then hits ARROW_DOWN and ENTER into input movil , Daniel clicks on div movil, Daniel enters 'Y8p' then hits ARROW_DOWN and ENTER into input movil , Daniel clicks on div movil, Daniel enters 'Android 10' then hits ARROW_DOWN and ENTER into input movil , Daniel clicks on button that start the register], Daniel fill complete form [Daniel enters 'TGGADll96$' into user password, Daniel enters 'TGGADll96$' into user password confirm, Daniel clicks on term Of Use for user, Daniel clicks on Privacy & Security Policy  for user]], Then he finish the proccess
| strTextoBotonFinal |
| Complete Setup | [Then answer]
[Test worker] WARN net.thucydides.core.steps.BaseStepListener - testFinished: Register in the utest platform:Given than Daniel want register utest platform [Daniel open up utest [Daniel opens the Utest page, Daniel clicks on button that start the register]], When he fill out the forms
| strName | strLastName | strEmail | strPassword | strMes | strAnio | strDia | strCiudad | strPais | strCode | strVersion | strComputer | strLenguage | strMovil | strModel | strOs |
| Daniel | Garcia | danielgarcia10211222@gmail.com | TGGADll96$ | October | 1996 | 20 | Bogotá | Colombia | 111151 | 10 | Windows | Italian | Huawei | Y8p | Android 10 | [Daniel fill personal information [Daniel enters 'Daniel' into first name of user, Daniel enters 'Garcia' into last name of user, Daniel enters 'danielgarcia10211222@gmail.com' into email  of user, Daniel select October on day of birth, Daniel select 20 on day of birth, Daniel select 1996 on year of birth, Daniel clicks on button that start the register], Daniel fill adress [Daniel enters 'Bogotá' into location city, Daniel enters '111151' into location zip, Daniel clicks on DIV PAIS, Daniel enters 'Colombia' then hits ARROW_DOWN and ENTER into Country select, Daniel clicks on location city, Daniel clicks on button that start the register], Daniel fill devices [Daniel clicks on div computer, Daniel enters 'Windows' then hits ARROW_DOWN and ENTER into input computer, Daniel clicks on div padre, Daniel enters '10' then hits ARROW_DOWN and ENTER into INPUT VERSION , Daniel clicks on div lenguaje, Daniel enters 'Italian' then hits ARROW_DOWN and ENTER into input lenguaje , Daniel clicks on div movil, Daniel enters 'Huawei' then hits ARROW_DOWN and ENTER into input movil , Daniel clicks on div movil, Daniel enters 'Y8p' then hits ARROW_DOWN and ENTER into input movil , Daniel clicks on div movil, Daniel enters 'Android 10' then hits ARROW_DOWN and ENTER into input movil , Daniel clicks on button that start the register], Daniel fill complete form [Daniel enters 'TGGADll96$' into user password, Daniel enters 'TGGADll96$' into user password confirm, Daniel clicks on term Of Use for user, Daniel clicks on Privacy & Security Policy  for user]], Then he finish the proccess
| strTextoBotonFinal |
| Complete Setup | [Then answer]
[Test worker] WARN net.thucydides.core.steps.BaseStepListener - TestOutcomes: [Register in the utest platform:Given than Daniel want register utest platform [Daniel open up utest [Daniel opens the Utest page, Daniel clicks on button that start the register]], When he fill out the forms
| strName | strLastName | strEmail | strPassword | strMes | strAnio | strDia | strCiudad | strPais | strCode | strVersion | strComputer | strLenguage | strMovil | strModel | strOs |
| Daniel | Garcia | danielgarcia10211222@gmail.com | TGGADll96$ | October | 1996 | 20 | Bogotá | Colombia | 111151 | 10 | Windows | Italian | Huawei | Y8p | Android 10 | [Daniel fill personal information [Daniel enters 'Daniel' into first name of user, Daniel enters 'Garcia' into last name of user, Daniel enters 'danielgarcia10211222@gmail.com' into email  of user, Daniel select October on day of birth, Daniel select 20 on day of birth, Daniel select 1996 on year of birth, Daniel clicks on button that start the register], Daniel fill adress [Daniel enters 'Bogotá' into location city, Daniel enters '111151' into location zip, Daniel clicks on DIV PAIS, Daniel enters 'Colombia' then hits ARROW_DOWN and ENTER into Country select, Daniel clicks on location city, Daniel clicks on button that start the register], Daniel fill devices [Daniel clicks on div computer, Daniel enters 'Windows' then hits ARROW_DOWN and ENTER into input computer, Daniel clicks on div padre, Daniel enters '10' then hits ARROW_DOWN and ENTER into INPUT VERSION , Daniel clicks on div lenguaje, Daniel enters 'Italian' then hits ARROW_DOWN and ENTER into input lenguaje , Daniel clicks on div movil, Daniel enters 'Huawei' then hits ARROW_DOWN and ENTER into input movil , Daniel clicks on div movil, Daniel enters 'Y8p' then hits ARROW_DOWN and ENTER into input movil , Daniel clicks on div movil, Daniel enters 'Android 10' then hits ARROW_DOWN and ENTER into input movil , Daniel clicks on button that start the register], Daniel fill complete form [Daniel enters 'TGGADll96$' into user password, Daniel enters 'TGGADll96$' into user password confirm, Daniel clicks on term Of Use for user, Daniel clicks on Privacy & Security Policy  for user]], Then he finish the proccess
| strTextoBotonFinal |
| Complete Setup | [Then answer]]
[Test worker] WARN net.thucydides.core.steps.BaseStepListener - Final testOutcomes: [Register in the utest platform:Given than Daniel want register utest platform [Daniel open up utest [Daniel opens the Utest page, Daniel clicks on button that start the register]], When he fill out the forms
| strName | strLastName | strEmail | strPassword | strMes | strAnio | strDia | strCiudad | strPais | strCode | strVersion | strComputer | strLenguage | strMovil | strModel | strOs |
| Daniel | Garcia | danielgarcia10211222@gmail.com | TGGADll96$ | October | 1996 | 20 | Bogotá | Colombia | 111151 | 10 | Windows | Italian | Huawei | Y8p | Android 10 | [Daniel fill personal information [Daniel enters 'Daniel' into first name of user, Daniel enters 'Garcia' into last name of user, Daniel enters 'danielgarcia10211222@gmail.com' into email  of user, Daniel select October on day of birth, Daniel select 20 on day of birth, Daniel select 1996 on year of birth, Daniel clicks on button that start the register], Daniel fill adress [Daniel enters 'Bogotá' into location city, Daniel enters '111151' into location zip, Daniel clicks on DIV PAIS, Daniel enters 'Colombia' then hits ARROW_DOWN and ENTER into Country select, Daniel clicks on location city, Daniel clicks on button that start the register], Daniel fill devices [Daniel clicks on div computer, Daniel enters 'Windows' then hits ARROW_DOWN and ENTER into input computer, Daniel clicks on div padre, Daniel enters '10' then hits ARROW_DOWN and ENTER into INPUT VERSION , Daniel clicks on div lenguaje, Daniel enters 'Italian' then hits ARROW_DOWN and ENTER into input lenguaje , Daniel clicks on div movil, Daniel enters 'Huawei' then hits ARROW_DOWN and ENTER into input movil , Daniel clicks on div movil, Daniel enters 'Y8p' then hits ARROW_DOWN and ENTER into input movil , Daniel clicks on div movil, Daniel enters 'Android 10' then hits ARROW_DOWN and ENTER into input movil , Daniel clicks on button that start the register], Daniel fill complete form [Daniel enters 'TGGADll96$' into user password, Daniel enters 'TGGADll96$' into user password confirm, Daniel clicks on term Of Use for user, Daniel clicks on Privacy & Security Policy  for user]], Then he finish the proccess
| strTextoBotonFinal |
| Complete Setup | [Then answer]]
[Test worker] INFO net.thucydides.core.steps.ConsoleLoggingListener - 
        __    _____ _____ ____ _____   ____   _    ____  ____  _____ ____  
  _     \ \  |_   _| ____/ ___|_   _| |  _ \ / \  / ___|/ ___|| ____|  _ \ 
 (_)_____| |   | | |  _| \___ \ | |   | |_) / _ \ \___ \\___ \|  _| | | | |
  _|_____| |   | | | |___ ___) || |   |  __/ ___ \ ___) |___) | |___| |_| |
 (_)     | |   |_| |_____|____/ |_|   |_| /_/   \_\____/|____/|_____|____/ 
        /_/                                                                

TEST PASSED: Register in the utest platform
----------------------------------------------------------------------------
]]></system-err>
</testsuite>
